0 info it worked if it ends with ok
1 verbose cli [ 'c:\\Program Files\\nodejs\\node.exe',
1 verbose cli   'c:\\Program Files\\nodejs\\node_modules\\npm\\bin\\npm-cli.js',
1 verbose cli   'start' ]
2 info using npm@1.4.28
3 info using node@v0.10.36
4 verbose run-script [ 'prestart', 'start', 'poststart' ]
5 info prestart emojilyze@1.0.0
6 info start emojilyze@1.0.0
7 verbose unsafe-perm in lifecycle true
8 info emojilyze@1.0.0 Failed to exec start script
9 error emojilyze@1.0.0 start: `node ./bin/www`
9 error Exit status 8
10 error Failed at the emojilyze@1.0.0 start script.
10 error This is most likely a problem with the emojilyze package,
10 error not with npm itself.
10 error Tell the author that this fails on your system:
10 error     node ./bin/www
10 error You can get their info via:
10 error     npm owner ls emojilyze
10 error There is likely additional logging output above.
11 error System Windows_NT 6.1.7601
12 error command "c:\\Program Files\\nodejs\\node.exe" "c:\\Program Files\\nodejs\\node_modules\\npm\\bin\\npm-cli.js" "start"
13 error cwd c:\Users\Alicia\Documents\CSE170
14 error node -v v0.10.36
15 error npm -v 1.4.28
16 error code ELIFECYCLE
17 verbose exit [ 1, true ]
1 verbose cli [ 'node', '/usr/local/bin/npm', 'start' ]
2 info using npm@2.1.14
3 info using node@v0.10.34
4 verbose node symlink /usr/local/bin/node
5 verbose run-script [ 'prestart', 'start', 'poststart' ]
6 info prestart emojilyze@1.0.0
7 info start emojilyze@1.0.0
8 verbose unsafe-perm in lifecycle true
9 info emojilyze@1.0.0 Failed to exec start script
10 verbose stack Error: emojilyze@1.0.0 start: `node ./bin/www`
10 verbose stack Exit status 8
10 verbose stack     at EventEmitter.<anonymous> (/usr/local/lib/node_modules/npm/lib/utils/lifecycle.js:212:16)
10 verbose stack     at EventEmitter.emit (events.js:98:17)
10 verbose stack     at ChildProcess.<anonymous> (/usr/local/lib/node_modules/npm/lib/utils/spawn.js:14:12)
10 verbose stack     at ChildProcess.emit (events.js:98:17)
10 verbose stack     at maybeClose (child_process.js:766:16)
10 verbose stack     at Process.ChildProcess._handle.onexit (child_process.js:833:5)
11 verbose pkgid emojilyze@1.0.0
12 verbose cwd /Users/giowong/Documents/CSE170/emojilyze
13 error Darwin 14.1.0
14 error argv "node" "/usr/local/bin/npm" "start"
15 error node v0.10.34
16 error npm  v2.1.14
17 error code ELIFECYCLE
18 error emojilyze@1.0.0 start: `node ./bin/www`
18 error Exit status 8
19 error Failed at the emojilyze@1.0.0 start script 'node ./bin/www'.
19 error This is most likely a problem with the emojilyze package,
19 error not with npm itself.
19 error Tell the author that this fails on your system:
19 error     node ./bin/www
19 error You can get their info via:
19 error     npm owner ls emojilyze
19 error There is likely additional logging output above.
20 verbose exit [ 1, true ]
